19:04:43.567 [main] INFO  testCases.TC_001_AccountRegistrationTest - *** Starting TC_001_AccountRegistrationTest ***
19:04:43.945 [main] INFO  testCases.TC_001_AccountRegistrationTest - Clicked on my account link
19:04:44.972 [main] INFO  testCases.TC_001_AccountRegistrationTest - Clicked on register link
19:04:44.979 [main] INFO  testCases.TC_001_AccountRegistrationTest - Providing customer data
19:04:49.389 [main] INFO  testCases.TC_001_AccountRegistrationTest - Clicked on continue
19:04:49.449 [main] INFO  testCases.TC_001_AccountRegistrationTest - Validting expected message
19:04:49.453 [main] INFO  testCases.TC_001_AccountRegistrationTest - *** Finished TC_001_AccountRegistrationTest ***
19:07:33.639 [main] DEBUG io.netty.util.internal.logging.InternalLoggerFactory - Using Log4J2 as the default logging framework
19:07:33.729 [main] DEBUG io.netty.util.ResourceLeakDetector - -Dio.netty.leakDetection.level: simple
19:07:33.730 [main] DEBUG io.netty.util.ResourceLeakDetector - -Dio.netty.leakDetection.targetRecords: 4
19:07:33.738 [main] DEBUG io.netty.util.ResourceLeakDetectorFactory - Loaded default ResourceLeakDetector: io.netty.util.ResourceLeakDetector@5965844d
19:07:33.772 [main] DEBUG io.netty.util.internal.PlatformDependent0 - -Dio.netty.noUnsafe: false
19:07:33.773 [main] DEBUG io.netty.util.internal.PlatformDependent0 - Java version: 17
19:07:33.774 [main] DEBUG io.netty.util.internal.PlatformDependent0 - sun.misc.Unsafe.theUnsafe: available
19:07:33.775 [main] DEBUG io.netty.util.internal.PlatformDependent0 - sun.misc.Unsafe.copyMemory: available
19:07:33.776 [main] DEBUG io.netty.util.internal.PlatformDependent0 - sun.misc.Unsafe.storeFence: available
19:07:33.777 [main] DEBUG io.netty.util.internal.PlatformDependent0 - java.nio.Buffer.address: available
19:07:33.778 [main] DEBUG io.netty.util.internal.PlatformDependent0 - direct buffer constructor: unavailable: Reflective setAccessible(true) disabled
19:07:33.779 [main] DEBUG io.netty.util.internal.PlatformDependent0 - java.nio.Bits.unaligned: available, true
19:07:33.781 [main] DEBUG io.netty.util.internal.PlatformDependent0 - jdk.internal.misc.Unsafe.allocateUninitializedArray(int): unavailable: class io.netty.util.internal.PlatformDependent0$7 cannot access class jdk.internal.misc.Unsafe (in module java.base) because module java.base does not export jdk.internal.misc to unnamed module @3ada9e37
19:07:33.782 [main] DEBUG io.netty.util.internal.PlatformDependent0 - java.nio.DirectByteBuffer.<init>(long, int): unavailable
19:07:33.782 [main] DEBUG io.netty.util.internal.PlatformDependent - sun.misc.Unsafe: available
19:07:33.783 [main] DEBUG io.netty.util.internal.PlatformDependent - maxDirectMemory: 2124414976 bytes (maybe)
19:07:33.783 [main] DEBUG io.netty.util.internal.PlatformDependent - -Dio.netty.tmpdir: C:\Users\hp5cg\AppData\Local\Temp (java.io.tmpdir)
19:07:33.784 [main] DEBUG io.netty.util.internal.PlatformDependent - -Dio.netty.bitMode: 64 (sun.arch.data.model)
19:07:33.784 [main] DEBUG io.netty.util.internal.PlatformDependent - Platform: Windows
19:07:33.785 [main] DEBUG io.netty.util.internal.PlatformDependent - -Dio.netty.maxDirectMemory: -1 bytes
19:07:33.785 [main] DEBUG io.netty.util.internal.PlatformDependent - -Dio.netty.uninitializedArrayAllocationThreshold: -1
19:07:33.787 [main] DEBUG io.netty.util.internal.CleanerJava9 - java.nio.ByteBuffer.cleaner(): available
19:07:33.787 [main] DEBUG io.netty.util.internal.PlatformDependent - -Dio.netty.noPreferDirect: false
19:07:33.799 [main] DEBUG io.netty.util.internal.PlatformDependent - org.jctools-core.MpscChunkedArrayQueue: available
19:07:33.827 [main] DEBUG io.netty.util.internal.InternalThreadLocalMap - -Dio.netty.threadLocalMap.stringBuilder.initialSize: 1024
19:07:33.827 [main] DEBUG io.netty.util.internal.InternalThreadLocalMap - -Dio.netty.threadLocalMap.stringBuilder.maxSize: 4096
19:07:33.959 [main] DEBUG io.netty.handler.ssl.JdkSslContext - Default protocols (JDK): [TLSv1.3, TLSv1.2] 
19:07:33.959 [main] DEBUG io.netty.handler.ssl.JdkSslContext - Default cipher suites (JDK): [TLS_ECDHE_ECDSA_WITH_AES_256_GCM_SHA384, TLS_ECDHE_ECDSA_WITH_AES_128_GCM_SHA256, TLS_ECDHE_RSA_WITH_AES_128_GCM_SHA256, TLS_ECDHE_RSA_WITH_AES_256_GCM_SHA384, TLS_ECDHE_RSA_WITH_AES_128_CBC_SHA, TLS_ECDHE_RSA_WITH_AES_256_CBC_SHA, TLS_RSA_WITH_AES_128_GCM_SHA256, TLS_RSA_WITH_AES_128_CBC_SHA, TLS_RSA_WITH_AES_256_CBC_SHA, TLS_AES_128_GCM_SHA256, TLS_AES_256_GCM_SHA384]
19:07:33.980 [main] DEBUG io.netty.util.concurrent.GlobalEventExecutor - -Dio.netty.globalEventExecutor.quietPeriodSeconds: 1
19:07:34.001 [main] DEBUG io.netty.channel.MultithreadEventLoopGroup - -Dio.netty.eventLoopThreads: 8
19:07:34.016 [main] DEBUG io.netty.channel.nio.NioEventLoop - -Dio.netty.noKeySetOptimization: false
19:07:34.016 [main] DEBUG io.netty.channel.nio.NioEventLoop - -Dio.netty.selectorAutoRebuildThreshold: 512
19:07:34.076 [main] DEBUG io.netty.buffer.PooledByteBufAllocator - -Dio.netty.allocator.numHeapArenas: 8
19:07:34.076 [main] DEBUG io.netty.buffer.PooledByteBufAllocator - -Dio.netty.allocator.numDirectArenas: 8
19:07:34.076 [main] DEBUG io.netty.buffer.PooledByteBufAllocator - -Dio.netty.allocator.pageSize: 8192
19:07:34.076 [main] DEBUG io.netty.buffer.PooledByteBufAllocator - -Dio.netty.allocator.maxOrder: 9
19:07:34.076 [main] DEBUG io.netty.buffer.PooledByteBufAllocator - -Dio.netty.allocator.chunkSize: 4194304
19:07:34.076 [main] DEBUG io.netty.buffer.PooledByteBufAllocator - -Dio.netty.allocator.smallCacheSize: 256
19:07:34.076 [main] DEBUG io.netty.buffer.PooledByteBufAllocator - -Dio.netty.allocator.normalCacheSize: 64
19:07:34.077 [main] DEBUG io.netty.buffer.PooledByteBufAllocator - -Dio.netty.allocator.maxCachedBufferCapacity: 32768
19:07:34.077 [main] DEBUG io.netty.buffer.PooledByteBufAllocator - -Dio.netty.allocator.cacheTrimInterval: 8192
19:07:34.077 [main] DEBUG io.netty.buffer.PooledByteBufAllocator - -Dio.netty.allocator.cacheTrimIntervalMillis: 0
19:07:34.077 [main] DEBUG io.netty.buffer.PooledByteBufAllocator - -Dio.netty.allocator.useCacheForAllThreads: false
19:07:34.077 [main] DEBUG io.netty.buffer.PooledByteBufAllocator - -Dio.netty.allocator.maxCachedByteBuffersPerChunk: 1023
19:07:34.098 [main] DEBUG io.netty.buffer.ByteBufUtil - -Dio.netty.allocator.type: pooled
19:07:34.098 [main] DEBUG io.netty.buffer.ByteBufUtil - -Dio.netty.threadLocalDirectBufferSize: 0
19:07:34.098 [main] DEBUG io.netty.buffer.ByteBufUtil - -Dio.netty.maxThreadLocalCharBufferSize: 16384
19:07:34.637 [Forwarding newSession on session null to remote] DEBUG io.netty.channel.DefaultChannelId - -Dio.netty.processId: 12872 (auto-detected)
19:07:34.641 [Forwarding newSession on session null to remote] DEBUG io.netty.util.NetUtil - -Djava.net.preferIPv4Stack: false
19:07:34.641 [Forwarding newSession on session null to remote] DEBUG io.netty.util.NetUtil - -Djava.net.preferIPv6Addresses: false
19:07:34.657 [Forwarding newSession on session null to remote] DEBUG io.netty.util.NetUtilInitializations - Loopback interface: lo (Software Loopback Interface 1, 127.0.0.1)
19:07:34.659 [Forwarding newSession on session null to remote] DEBUG io.netty.util.NetUtil - Failed to get SOMAXCONN from sysctl and file \proc\sys\net\core\somaxconn. Default: 200
19:07:34.694 [Forwarding newSession on session null to remote] DEBUG io.netty.channel.DefaultChannelId - -Dio.netty.machineId: 3c:95:09:ff:fe:55:6e:9b (auto-detected)
19:07:34.781 [AsyncHttpClient-1-2] DEBUG io.netty.buffer.AbstractByteBuf - -Dio.netty.buffer.checkAccessible: true
19:07:34.781 [AsyncHttpClient-1-2] DEBUG io.netty.buffer.AbstractByteBuf - -Dio.netty.buffer.checkBounds: true
19:07:34.781 [AsyncHttpClient-1-2] DEBUG io.netty.util.ResourceLeakDetectorFactory - Loaded default ResourceLeakDetector: io.netty.util.ResourceLeakDetector@64205996
19:07:34.840 [AsyncHttpClient-1-2] DEBUG io.netty.util.Recycler - -Dio.netty.recycler.maxCapacityPerThread: 4096
19:07:34.840 [AsyncHttpClient-1-2] DEBUG io.netty.util.Recycler - -Dio.netty.recycler.ratio: 8
19:07:34.840 [AsyncHttpClient-1-2] DEBUG io.netty.util.Recycler - -Dio.netty.recycler.chunkSize: 32
19:07:34.841 [AsyncHttpClient-1-2] DEBUG io.netty.util.Recycler - -Dio.netty.recycler.blocking: false
19:07:34.841 [AsyncHttpClient-1-2] DEBUG io.netty.util.Recycler - -Dio.netty.recycler.batchFastThreadLocalOnly: true
19:07:36.091 [AsyncHttpClient-1-2] DEBUG io.netty.handler.codec.compression.Brotli - brotli4j not in the classpath; Brotli support will be unavailable.
19:07:36.333 [main] DEBUG io.netty.util.internal.ThreadLocalRandom - -Dio.netty.initialSeedUniquifier: 0xddb6935e9fcc608c
19:07:38.858 [main] DEBUG testCases.TC_001_AccountRegistrationTest - Application logs....
19:07:38.859 [main] INFO  testCases.TC_001_AccountRegistrationTest - *** Starting TC_001_AccountRegistrationTest ***
19:07:39.576 [main] INFO  testCases.TC_001_AccountRegistrationTest - Clicked on my account link
19:07:40.548 [main] INFO  testCases.TC_001_AccountRegistrationTest - Clicked on register link
19:07:40.562 [main] INFO  testCases.TC_001_AccountRegistrationTest - Providing customer data
19:07:44.345 [main] INFO  testCases.TC_001_AccountRegistrationTest - Clicked on continue
19:07:44.404 [main] INFO  testCases.TC_001_AccountRegistrationTest - Validting expected message
19:07:44.408 [main] INFO  testCases.TC_001_AccountRegistrationTest - *** Finished TC_001_AccountRegistrationTest ***
19:28:17.021 [main] INFO  testCases.TC_001_AccountRegistrationTest - *** Starting TC_001_AccountRegistrationTest ***
19:28:17.150 [main] INFO  testCases.TC_001_AccountRegistrationTest - Clicked on my account link
19:28:18.051 [main] INFO  testCases.TC_001_AccountRegistrationTest - Clicked on register link
19:28:18.063 [main] INFO  testCases.TC_001_AccountRegistrationTest - Providing customer data
19:28:21.946 [main] INFO  testCases.TC_001_AccountRegistrationTest - Clicked on continue
19:28:22.005 [main] INFO  testCases.TC_001_AccountRegistrationTest - Validting expected message
19:28:22.009 [main] INFO  testCases.TC_001_AccountRegistrationTest - *** Finished TC_001_AccountRegistrationTest ***
19:29:06.374 [main] INFO  testCases.TC_001_AccountRegistrationTest - *** Starting TC_001_AccountRegistrationTest ***
19:29:07.183 [main] INFO  testCases.TC_001_AccountRegistrationTest - Clicked on my account link
19:29:08.093 [main] INFO  testCases.TC_001_AccountRegistrationTest - Clicked on register link
19:29:08.104 [main] INFO  testCases.TC_001_AccountRegistrationTest - Providing customer data
19:29:11.837 [main] INFO  testCases.TC_001_AccountRegistrationTest - Clicked on continue
19:29:11.897 [main] INFO  testCases.TC_001_AccountRegistrationTest - Validting expected message
19:29:11.903 [main] INFO  testCases.TC_001_AccountRegistrationTest - *** Finished TC_001_AccountRegistrationTest ***
19:37:06.858 [main] INFO  testCases.TC_001_AccountRegistrationTest - *** Starting TC_001_AccountRegistrationTest ***
19:37:07.627 [main] INFO  testCases.TC_001_AccountRegistrationTest - Clicked on my account link
19:37:08.565 [main] INFO  testCases.TC_001_AccountRegistrationTest - Clicked on register link
19:37:08.577 [main] INFO  testCases.TC_001_AccountRegistrationTest - Providing customer data
19:37:12.283 [main] INFO  testCases.TC_001_AccountRegistrationTest - Clicked on continue
19:37:12.346 [main] INFO  testCases.TC_001_AccountRegistrationTest - Validting expected message
19:37:12.350 [main] INFO  testCases.TC_001_AccountRegistrationTest - *** Finished TC_001_AccountRegistrationTest ***
19:39:43.907 [main] INFO  testCases.TC_001_AccountRegistrationTest - *** Starting TC_001_AccountRegistrationTest ***
19:39:44.054 [main] INFO  testCases.TC_001_AccountRegistrationTest - Clicked on my account link
19:39:44.757 [main] INFO  testCases.TC_001_AccountRegistrationTest - Clicked on register link
19:39:44.765 [main] INFO  testCases.TC_001_AccountRegistrationTest - Providing customer data
19:39:48.535 [main] INFO  testCases.TC_001_AccountRegistrationTest - Clicked on continue
19:39:48.676 [main] INFO  testCases.TC_001_AccountRegistrationTest - Validting expected message
19:39:48.681 [main] INFO  testCases.TC_001_AccountRegistrationTest - *** Finished TC_001_AccountRegistrationTest ***
19:40:04.443 [main] INFO  testCases.TC_001_AccountRegistrationTest - *** Starting TC_001_AccountRegistrationTest ***
19:40:04.605 [main] INFO  testCases.TC_001_AccountRegistrationTest - Clicked on my account link
19:40:05.501 [main] INFO  testCases.TC_001_AccountRegistrationTest - Clicked on register link
19:40:05.505 [main] INFO  testCases.TC_001_AccountRegistrationTest - Providing customer data
19:40:09.325 [main] INFO  testCases.TC_001_AccountRegistrationTest - Clicked on continue
19:40:09.402 [main] INFO  testCases.TC_001_AccountRegistrationTest - Validting expected message
19:40:09.408 [main] INFO  testCases.TC_001_AccountRegistrationTest - *** Finished TC_001_AccountRegistrationTest ***
23:38:29.687 [main] INFO  testCases.TC_001_AccountRegistrationTest - *** Starting TC_001_AccountRegistrationTest ***
23:38:30.056 [main] INFO  testCases.TC_001_AccountRegistrationTest - Clicked on my account link
23:38:31.120 [main] INFO  testCases.TC_001_AccountRegistrationTest - Clicked on register link
23:38:31.247 [main] INFO  testCases.TC_001_AccountRegistrationTest - Providing customer data
23:38:35.076 [main] INFO  testCases.TC_001_AccountRegistrationTest - Clicked on continue
23:38:35.174 [main] INFO  testCases.TC_001_AccountRegistrationTest - Validting expected message
23:38:35.178 [main] INFO  testCases.TC_001_AccountRegistrationTest - *** Finished TC_001_AccountRegistrationTest ***
23:39:41.485 [main] INFO  testCases.TC_001_AccountRegistrationTest - *** Starting TC_001_AccountRegistrationTest ***
23:39:41.889 [main] INFO  testCases.TC_001_AccountRegistrationTest - Clicked on my account link
23:39:43.314 [main] INFO  testCases.TC_001_AccountRegistrationTest - Clicked on register link
23:39:43.321 [main] INFO  testCases.TC_001_AccountRegistrationTest - Providing customer data
23:39:47.424 [main] INFO  testCases.TC_001_AccountRegistrationTest - Clicked on continue
23:39:47.530 [main] INFO  testCases.TC_001_AccountRegistrationTest - Validting expected message
23:39:47.534 [main] INFO  testCases.TC_001_AccountRegistrationTest - *** Finished TC_001_AccountRegistrationTest ***
08:28:42.252 [main] INFO  testCases.TC_001_AccountRegistrationTest - *** Starting TC_001_AccountRegistrationTest ***
08:28:42.633 [main] INFO  testCases.TC_001_AccountRegistrationTest - Clicked on my account link
08:28:44.177 [main] INFO  testCases.TC_001_AccountRegistrationTest - Clicked on register link
08:28:44.238 [main] INFO  testCases.TC_001_AccountRegistrationTest - Providing customer data
08:28:48.764 [main] INFO  testCases.TC_001_AccountRegistrationTest - Clicked on continue
08:28:48.845 [main] INFO  testCases.TC_001_AccountRegistrationTest - Validting expected message
08:28:48.849 [main] INFO  testCases.TC_001_AccountRegistrationTest - *** Finished TC_001_AccountRegistrationTest ***
08:42:20.812 [main] INFO  testCases.TC_001_AccountRegistrationTest - *** Starting TC_001_AccountRegistrationTest ***
08:42:21.486 [main] INFO  testCases.TC_001_AccountRegistrationTest - Clicked on my account link
08:42:22.616 [main] INFO  testCases.TC_001_AccountRegistrationTest - Clicked on register link
08:42:22.631 [main] INFO  testCases.TC_001_AccountRegistrationTest - Providing customer data
08:42:26.573 [main] INFO  testCases.TC_001_AccountRegistrationTest - Clicked on continue
08:42:26.635 [main] INFO  testCases.TC_001_AccountRegistrationTest - Validting expected message
08:42:26.639 [main] INFO  testCases.TC_001_AccountRegistrationTest - *** Finished TC_001_AccountRegistrationTest ***
08:44:00.527 [main] INFO  testCases.TC_001_AccountRegistrationTest - *** Starting TC_001_AccountRegistrationTest ***
08:44:01.356 [main] INFO  testCases.TC_001_AccountRegistrationTest - Clicked on my account link
08:44:02.798 [main] INFO  testCases.TC_001_AccountRegistrationTest - Clicked on register link
08:44:02.810 [main] INFO  testCases.TC_001_AccountRegistrationTest - Providing customer data
08:44:07.277 [main] INFO  testCases.TC_001_AccountRegistrationTest - Clicked on continue
08:44:07.420 [main] INFO  testCases.TC_001_AccountRegistrationTest - Validting expected message
08:44:07.424 [main] INFO  testCases.TC_001_AccountRegistrationTest - *** Finished TC_001_AccountRegistrationTest ***
08:48:21.134 [main] INFO  testCases.TC_001_AccountRegistrationTest - *** Starting TC_001_AccountRegistrationTest ***
08:48:21.269 [main] INFO  testCases.TC_001_AccountRegistrationTest - Clicked on my account link
08:48:22.997 [main] INFO  testCases.TC_001_AccountRegistrationTest - Clicked on register link
08:48:23.001 [main] INFO  testCases.TC_001_AccountRegistrationTest - Providing customer data
08:48:27.366 [main] INFO  testCases.TC_001_AccountRegistrationTest - Clicked on continue
08:48:27.423 [main] INFO  testCases.TC_001_AccountRegistrationTest - Validting expected message
08:48:27.427 [main] INFO  testCases.TC_001_AccountRegistrationTest - *** Finished TC_001_AccountRegistrationTest ***
08:48:34.184 [main] INFO  testCases.TC_001_AccountRegistrationTest - *** Starting TC_001_AccountRegistrationTest ***
08:48:34.307 [main] INFO  testCases.TC_001_AccountRegistrationTest - Clicked on my account link
08:48:35.808 [main] INFO  testCases.TC_001_AccountRegistrationTest - Clicked on register link
08:48:35.813 [main] INFO  testCases.TC_001_AccountRegistrationTest - Providing customer data
08:48:39.980 [main] INFO  testCases.TC_001_AccountRegistrationTest - Clicked on continue
08:48:40.061 [main] INFO  testCases.TC_001_AccountRegistrationTest - Validting expected message
08:48:40.061 [main] INFO  testCases.TC_001_AccountRegistrationTest - *** Finished TC_001_AccountRegistrationTest ***
08:49:58.308 [TestNG-tests-1] INFO  testCases.TC_001_AccountRegistrationTest - *** Starting TC_001_AccountRegistrationTest ***
08:49:58.844 [TestNG-tests-1] INFO  testCases.TC_001_AccountRegistrationTest - Clicked on my account link
08:50:00.373 [TestNG-tests-2] INFO  testCases.TC_001_AccountRegistrationTest - *** Starting TC_001_AccountRegistrationTest ***
08:50:00.539 [TestNG-tests-2] INFO  testCases.TC_001_AccountRegistrationTest - Clicked on my account link
08:50:00.987 [TestNG-tests-1] INFO  testCases.TC_001_AccountRegistrationTest - Clicked on register link
08:50:00.991 [TestNG-tests-1] INFO  testCases.TC_001_AccountRegistrationTest - Providing customer data
08:50:04.163 [TestNG-tests-2] INFO  testCases.TC_001_AccountRegistrationTest - Clicked on register link
08:50:04.169 [TestNG-tests-2] INFO  testCases.TC_001_AccountRegistrationTest - Providing customer data
08:50:06.531 [TestNG-tests-1] INFO  testCases.TC_001_AccountRegistrationTest - Clicked on continue
08:50:06.594 [TestNG-tests-1] INFO  testCases.TC_001_AccountRegistrationTest - Validting expected message
08:50:06.598 [TestNG-tests-1] INFO  testCases.TC_001_AccountRegistrationTest - *** Finished TC_001_AccountRegistrationTest ***
08:50:08.914 [TestNG-tests-2] INFO  testCases.TC_001_AccountRegistrationTest - Clicked on continue
08:50:08.978 [TestNG-tests-2] INFO  testCases.TC_001_AccountRegistrationTest - Validting expected message
08:50:08.979 [TestNG-tests-2] INFO  testCases.TC_001_AccountRegistrationTest - *** Finished TC_001_AccountRegistrationTest ***
11:21:19.021 [TestNG-tests-2] INFO  testCases.TC_001_AccountRegistrationTest - *** Starting TC_001_AccountRegistrationTest ***
11:21:19.419 [TestNG-tests-2] INFO  testCases.TC_001_AccountRegistrationTest - Clicked on my account link
11:21:21.614 [TestNG-tests-1] INFO  testCases.TC_001_AccountRegistrationTest - *** Starting TC_001_AccountRegistrationTest ***
11:21:21.704 [TestNG-tests-2] INFO  testCases.TC_001_AccountRegistrationTest - Clicked on register link
11:21:21.712 [TestNG-tests-2] INFO  testCases.TC_001_AccountRegistrationTest - Providing customer data
11:21:21.897 [TestNG-tests-1] INFO  testCases.TC_001_AccountRegistrationTest - Clicked on my account link
11:21:24.134 [TestNG-tests-1] INFO  testCases.TC_001_AccountRegistrationTest - Clicked on register link
11:21:24.137 [TestNG-tests-1] INFO  testCases.TC_001_AccountRegistrationTest - Providing customer data
11:21:27.587 [TestNG-tests-2] INFO  testCases.TC_001_AccountRegistrationTest - Clicked on continue
11:21:27.657 [TestNG-tests-2] INFO  testCases.TC_001_AccountRegistrationTest - Validting expected message
11:21:27.664 [TestNG-tests-2] INFO  testCases.TC_001_AccountRegistrationTest - *** Finished TC_001_AccountRegistrationTest ***
11:21:28.639 [TestNG-tests-1] INFO  testCases.TC_001_AccountRegistrationTest - Clicked on continue
11:21:28.697 [TestNG-tests-1] INFO  testCases.TC_001_AccountRegistrationTest - Validting expected message
11:21:28.697 [TestNG-tests-1] INFO  testCases.TC_001_AccountRegistrationTest - *** Finished TC_001_AccountRegistrationTest ***
11:22:03.335 [TestNG-tests-2] INFO  testCases.TC_001_AccountRegistrationTest - *** Starting TC_001_AccountRegistrationTest ***
11:22:03.567 [TestNG-tests-2] INFO  testCases.TC_001_AccountRegistrationTest - Clicked on my account link
11:22:03.993 [TestNG-tests-1] INFO  testCases.TC_001_AccountRegistrationTest - *** Starting TC_001_AccountRegistrationTest ***
11:22:04.155 [TestNG-tests-1] INFO  testCases.TC_001_AccountRegistrationTest - Clicked on my account link
11:22:05.024 [TestNG-tests-2] INFO  testCases.TC_001_AccountRegistrationTest - Clicked on register link
11:22:05.032 [TestNG-tests-2] INFO  testCases.TC_001_AccountRegistrationTest - Providing customer data
11:22:06.306 [TestNG-tests-1] INFO  testCases.TC_001_AccountRegistrationTest - Clicked on register link
11:22:06.313 [TestNG-tests-1] INFO  testCases.TC_001_AccountRegistrationTest - Providing customer data
11:22:09.853 [TestNG-tests-2] INFO  testCases.TC_001_AccountRegistrationTest - Clicked on continue
11:22:09.934 [TestNG-tests-2] INFO  testCases.TC_001_AccountRegistrationTest - Validting expected message
11:22:09.938 [TestNG-tests-2] INFO  testCases.TC_001_AccountRegistrationTest - *** Finished TC_001_AccountRegistrationTest ***
11:22:10.495 [TestNG-tests-1] INFO  testCases.TC_001_AccountRegistrationTest - Clicked on continue
11:22:10.552 [TestNG-tests-1] INFO  testCases.TC_001_AccountRegistrationTest - Validting expected message
11:22:10.552 [TestNG-tests-1] INFO  testCases.TC_001_AccountRegistrationTest - *** Finished TC_001_AccountRegistrationTest ***
12:21:13.117 [main] INFO  testCases.TC_001_AccountRegistrationTest - *** Starting TC_001_AccountRegistrationTest ***
12:21:13.349 [main] INFO  testCases.TC_001_AccountRegistrationTest - Clicked on my account link
12:21:14.980 [main] INFO  testCases.TC_001_AccountRegistrationTest - Clicked on register link
12:21:14.985 [main] INFO  testCases.TC_001_AccountRegistrationTest - Providing customer data
12:21:19.157 [main] INFO  testCases.TC_001_AccountRegistrationTest - Clicked on continue
12:21:19.212 [main] INFO  testCases.TC_001_AccountRegistrationTest - Validting expected message
12:21:19.217 [main] INFO  testCases.TC_001_AccountRegistrationTest - *** Finished TC_001_AccountRegistrationTest ***
12:24:11.282 [main] INFO  testCases.TC_001_AccountRegistrationTest - *** Starting TC_001_AccountRegistrationTest ***
12:24:11.465 [main] INFO  testCases.TC_001_AccountRegistrationTest - Clicked on my account link
12:24:12.709 [main] INFO  testCases.TC_001_AccountRegistrationTest - Clicked on register link
12:24:12.714 [main] INFO  testCases.TC_001_AccountRegistrationTest - Providing customer data
12:24:14.754 [main] INFO  testCases.TC_001_AccountRegistrationTest - Clicked on continue
12:24:24.834 [main] INFO  testCases.TC_001_AccountRegistrationTest - Validting expected message
00:57:15.598 [main] INFO  testCases.TC_001_AccountRegistrationTest - *** Starting TC_001_AccountRegistrationTest ***
00:57:15.803 [main] INFO  testCases.TC_001_AccountRegistrationTest - Clicked on my account link
00:57:17.355 [main] INFO  testCases.TC_001_AccountRegistrationTest - Clicked on register link
00:57:17.358 [main] INFO  testCases.TC_001_AccountRegistrationTest - Providing customer data
00:57:21.874 [main] INFO  testCases.TC_001_AccountRegistrationTest - Clicked on continue
00:57:21.930 [main] INFO  testCases.TC_001_AccountRegistrationTest - Validting expected message
00:57:21.935 [main] INFO  testCases.TC_001_AccountRegistrationTest - *** Finished TC_001_AccountRegistrationTest ***
01:05:50.223 [main] INFO  testCases.TC_001_AccountRegistrationTest - *** Starting TC_001_AccountRegistrationTest ***
01:05:50.374 [main] INFO  testCases.TC_001_AccountRegistrationTest - Clicked on my account link
01:05:51.638 [main] INFO  testCases.TC_001_AccountRegistrationTest - Clicked on register link
01:05:51.641 [main] INFO  testCases.TC_001_AccountRegistrationTest - Providing customer data
01:05:55.978 [main] INFO  testCases.TC_001_AccountRegistrationTest - Clicked on continue
01:05:56.054 [main] INFO  testCases.TC_001_AccountRegistrationTest - Validting expected message
01:05:56.058 [main] INFO  testCases.TC_001_AccountRegistrationTest - *** Finished TC_001_AccountRegistrationTest ***
10:28:13.008 [main] INFO  testCases.TC_001_AccountRegistrationTest - *** Starting TC_001_AccountRegistrationTest ***
10:28:13.190 [main] INFO  testCases.TC_001_AccountRegistrationTest - Clicked on my account link
10:28:14.996 [main] INFO  testCases.TC_001_AccountRegistrationTest - Clicked on register link
10:28:15.008 [main] INFO  testCases.TC_001_AccountRegistrationTest - Providing customer data
10:28:19.811 [main] INFO  testCases.TC_001_AccountRegistrationTest - Clicked on continue
10:28:20.153 [main] INFO  testCases.TC_001_AccountRegistrationTest - Validting expected message
10:28:20.157 [main] INFO  testCases.TC_001_AccountRegistrationTest - *** Finished TC_001_AccountRegistrationTest ***
10:28:27.566 [main] INFO  testCases.TC_002_LoginTest - *** Starting TC_002_LoginTest***
10:28:27.753 [main] INFO  testCases.TC_002_LoginTest - Clicked on My Account
10:28:29.211 [main] INFO  testCases.TC_002_LoginTest - Clicked on Login Link
10:28:29.213 [main] INFO  testCases.TC_002_LoginTest - Providing login details
10:28:31.062 [main] INFO  testCases.TC_002_LoginTest - Clicked on login button
10:28:31.315 [main] INFO  testCases.TC_002_LoginTest - *** Finished TC_002_LoginTest***
10:30:03.888 [main] INFO  testCases.TC_001_AccountRegistrationTest - *** Starting TC_001_AccountRegistrationTest ***
10:30:04.061 [main] INFO  testCases.TC_001_AccountRegistrationTest - Clicked on my account link
10:30:05.520 [main] INFO  testCases.TC_001_AccountRegistrationTest - Clicked on register link
10:30:05.524 [main] INFO  testCases.TC_001_AccountRegistrationTest - Providing customer data
10:30:09.797 [main] INFO  testCases.TC_001_AccountRegistrationTest - Clicked on continue
10:30:09.878 [main] INFO  testCases.TC_001_AccountRegistrationTest - Validting expected message
10:30:09.884 [main] INFO  testCases.TC_001_AccountRegistrationTest - *** Finished TC_001_AccountRegistrationTest ***
10:30:17.231 [main] INFO  testCases.TC_002_LoginTest - *** Starting TC_002_LoginTest***
10:30:17.376 [main] INFO  testCases.TC_002_LoginTest - Clicked on My Account
10:30:18.580 [main] INFO  testCases.TC_002_LoginTest - Clicked on Login Link
10:30:18.584 [main] INFO  testCases.TC_002_LoginTest - Providing login details
10:30:20.402 [main] INFO  testCases.TC_002_LoginTest - Clicked on login button
10:30:20.474 [main] INFO  testCases.TC_002_LoginTest - *** Finished TC_002_LoginTest***
14:36:06.793 [main] INFO  testCases.TC_003_LoginDDT - ***Starting TC_003_LoginDDT 
14:36:07.339 [main] INFO  testCases.TC_003_LoginDDT - Click on My Account
14:36:08.397 [main] INFO  testCases.TC_003_LoginDDT - Clicked on login
14:36:08.399 [main] INFO  testCases.TC_003_LoginDDT - Sending personal details
14:36:10.787 [main] INFO  testCases.TC_003_LoginDDT - Going to My account page
14:36:12.700 [main] INFO  testCases.TC_003_LoginDDT - Finished TC_003_LoginDDT
14:36:12.842 [main] INFO  testCases.TC_003_LoginDDT - ***Starting TC_003_LoginDDT 
14:36:12.923 [main] INFO  testCases.TC_003_LoginDDT - Click on My Account
14:36:13.925 [main] INFO  testCases.TC_003_LoginDDT - Clicked on login
14:36:13.926 [main] INFO  testCases.TC_003_LoginDDT - Sending personal details
14:36:15.255 [main] INFO  testCases.TC_003_LoginDDT - Going to My account page
14:36:25.349 [main] INFO  testCases.TC_003_LoginDDT - Finished TC_003_LoginDDT
14:36:25.354 [main] INFO  testCases.TC_003_LoginDDT - ***Starting TC_003_LoginDDT 
14:36:25.453 [main] INFO  testCases.TC_003_LoginDDT - Click on My Account
14:36:26.103 [main] INFO  testCases.TC_003_LoginDDT - Clicked on login
14:36:26.103 [main] INFO  testCases.TC_003_LoginDDT - Sending personal details
14:36:27.022 [main] INFO  testCases.TC_003_LoginDDT - Going to My account page
14:36:37.051 [main] INFO  testCases.TC_003_LoginDDT - Finished TC_003_LoginDDT
14:36:37.056 [main] INFO  testCases.TC_003_LoginDDT - ***Starting TC_003_LoginDDT 
14:36:37.144 [main] INFO  testCases.TC_003_LoginDDT - Click on My Account
14:36:37.623 [main] INFO  testCases.TC_003_LoginDDT - Clicked on login
14:36:37.623 [main] INFO  testCases.TC_003_LoginDDT - Sending personal details
14:36:38.742 [main] INFO  testCases.TC_003_LoginDDT - Going to My account page
14:36:48.803 [main] INFO  testCases.TC_003_LoginDDT - Finished TC_003_LoginDDT
14:36:48.808 [main] INFO  testCases.TC_003_LoginDDT - ***Starting TC_003_LoginDDT 
14:36:48.894 [main] INFO  testCases.TC_003_LoginDDT - Click on My Account
14:36:49.444 [main] INFO  testCases.TC_003_LoginDDT - Clicked on login
14:36:49.445 [main] INFO  testCases.TC_003_LoginDDT - Sending personal details
14:36:50.640 [main] INFO  testCases.TC_003_LoginDDT - Going to My account page
14:36:51.382 [main] INFO  testCases.TC_003_LoginDDT - Finished TC_003_LoginDDT
20:22:57.308 [main] INFO  testCases.TC_003_LoginDDT - ***Starting TC_003_LoginDDT 
20:22:57.603 [main] INFO  testCases.TC_003_LoginDDT - Click on My Account
20:22:58.846 [main] INFO  testCases.TC_003_LoginDDT - Clicked on login
20:22:58.846 [main] INFO  testCases.TC_003_LoginDDT - Sending personal details
20:23:01.229 [main] INFO  testCases.TC_003_LoginDDT - Going to My account page
20:23:02.492 [main] INFO  testCases.TC_003_LoginDDT - Finished TC_003_LoginDDT
20:23:02.614 [main] INFO  testCases.TC_003_LoginDDT - ***Starting TC_003_LoginDDT 
20:23:02.759 [main] INFO  testCases.TC_003_LoginDDT - Click on My Account
20:23:03.283 [main] INFO  testCases.TC_003_LoginDDT - Clicked on login
20:23:03.283 [main] INFO  testCases.TC_003_LoginDDT - Sending personal details
20:23:04.227 [main] INFO  testCases.TC_003_LoginDDT - Going to My account page
20:23:14.306 [main] INFO  testCases.TC_003_LoginDDT - Finished TC_003_LoginDDT
20:23:14.318 [main] INFO  testCases.TC_003_LoginDDT - ***Starting TC_003_LoginDDT 
20:23:14.415 [main] INFO  testCases.TC_003_LoginDDT - Click on My Account
20:23:14.971 [main] INFO  testCases.TC_003_LoginDDT - Clicked on login
20:23:14.972 [main] INFO  testCases.TC_003_LoginDDT - Sending personal details
20:23:16.020 [main] INFO  testCases.TC_003_LoginDDT - Going to My account page
20:23:26.070 [main] INFO  testCases.TC_003_LoginDDT - Finished TC_003_LoginDDT
20:23:26.076 [main] INFO  testCases.TC_003_LoginDDT - ***Starting TC_003_LoginDDT 
20:23:26.191 [main] INFO  testCases.TC_003_LoginDDT - Click on My Account
20:23:26.702 [main] INFO  testCases.TC_003_LoginDDT - Clicked on login
20:23:26.703 [main] INFO  testCases.TC_003_LoginDDT - Sending personal details
20:23:27.865 [main] INFO  testCases.TC_003_LoginDDT - Going to My account page
20:23:37.904 [main] INFO  testCases.TC_003_LoginDDT - Finished TC_003_LoginDDT
20:23:37.938 [main] INFO  testCases.TC_003_LoginDDT - ***Starting TC_003_LoginDDT 
20:23:38.041 [main] INFO  testCases.TC_003_LoginDDT - Click on My Account
20:23:38.591 [main] INFO  testCases.TC_003_LoginDDT - Clicked on login
20:23:38.591 [main] INFO  testCases.TC_003_LoginDDT - Sending personal details
20:23:39.772 [main] INFO  testCases.TC_003_LoginDDT - Going to My account page
20:23:40.526 [main] INFO  testCases.TC_003_LoginDDT - Finished TC_003_LoginDDT
00:50:25.123 [main] INFO  testCases.TC_001_AccountRegistrationTest - *** Starting TC_001_AccountRegistrationTest ***
00:50:25.310 [main] INFO  testCases.TC_001_AccountRegistrationTest - Clicked on my account link
00:50:26.937 [main] INFO  testCases.TC_001_AccountRegistrationTest - Clicked on register link
00:50:26.944 [main] INFO  testCases.TC_001_AccountRegistrationTest - Providing customer data
00:50:31.666 [main] INFO  testCases.TC_001_AccountRegistrationTest - Clicked on continue
00:50:31.724 [main] INFO  testCases.TC_001_AccountRegistrationTest - Validting expected message
00:50:31.730 [main] INFO  testCases.TC_001_AccountRegistrationTest - *** Finished TC_001_AccountRegistrationTest ***
00:50:40.980 [main] INFO  testCases.TC_002_LoginTest - *** Starting TC_002_LoginTest***
00:50:41.120 [main] INFO  testCases.TC_002_LoginTest - Clicked on My Account
00:50:42.590 [main] INFO  testCases.TC_002_LoginTest - Clicked on Login Link
00:50:42.593 [main] INFO  testCases.TC_002_LoginTest - Providing login details
00:50:44.408 [main] INFO  testCases.TC_002_LoginTest - Clicked on login button
00:50:44.519 [main] INFO  testCases.TC_002_LoginTest - *** Finished TC_002_LoginTest***
00:51:54.583 [main] INFO  testCases.TC_001_AccountRegistrationTest - *** Starting TC_001_AccountRegistrationTest ***
00:51:54.769 [main] INFO  testCases.TC_001_AccountRegistrationTest - Clicked on my account link
00:51:56.351 [main] INFO  testCases.TC_001_AccountRegistrationTest - Clicked on register link
00:51:56.356 [main] INFO  testCases.TC_001_AccountRegistrationTest - Providing customer data
00:52:00.631 [main] INFO  testCases.TC_001_AccountRegistrationTest - Clicked on continue
00:52:00.711 [main] INFO  testCases.TC_001_AccountRegistrationTest - Validting expected message
00:52:00.717 [main] INFO  testCases.TC_001_AccountRegistrationTest - *** Finished TC_001_AccountRegistrationTest ***
00:53:46.104 [main] INFO  testCases.TC_003_LoginDDT - ***Starting TC_003_LoginDDT 
00:53:46.376 [main] INFO  testCases.TC_003_LoginDDT - Click on My Account
00:53:48.981 [main] INFO  testCases.TC_003_LoginDDT - Clicked on login
00:53:48.981 [main] INFO  testCases.TC_003_LoginDDT - Sending personal details
00:53:50.869 [main] INFO  testCases.TC_003_LoginDDT - Going to My account page
00:53:51.725 [main] INFO  testCases.TC_003_LoginDDT - Finished TC_003_LoginDDT
00:53:51.746 [main] INFO  testCases.TC_003_LoginDDT - ***Starting TC_003_LoginDDT 
00:53:51.822 [main] INFO  testCases.TC_003_LoginDDT - Click on My Account
00:53:53.122 [main] INFO  testCases.TC_003_LoginDDT - Clicked on login
00:53:53.122 [main] INFO  testCases.TC_003_LoginDDT - Sending personal details
00:53:54.602 [main] INFO  testCases.TC_003_LoginDDT - Going to My account page
00:54:04.681 [main] INFO  testCases.TC_003_LoginDDT - Finished TC_003_LoginDDT
00:54:04.700 [main] INFO  testCases.TC_003_LoginDDT - ***Starting TC_003_LoginDDT 
00:54:04.786 [main] INFO  testCases.TC_003_LoginDDT - Click on My Account
00:54:05.421 [main] INFO  testCases.TC_003_LoginDDT - Clicked on login
00:54:05.422 [main] INFO  testCases.TC_003_LoginDDT - Sending personal details
00:54:06.348 [main] INFO  testCases.TC_003_LoginDDT - Going to My account page
00:54:16.415 [main] INFO  testCases.TC_003_LoginDDT - Finished TC_003_LoginDDT
00:54:16.420 [main] INFO  testCases.TC_003_LoginDDT - ***Starting TC_003_LoginDDT 
00:54:16.503 [main] INFO  testCases.TC_003_LoginDDT - Click on My Account
00:54:17.024 [main] INFO  testCases.TC_003_LoginDDT - Clicked on login
00:54:17.024 [main] INFO  testCases.TC_003_LoginDDT - Sending personal details
00:54:17.998 [main] INFO  testCases.TC_003_LoginDDT - Going to My account page
00:54:28.024 [main] INFO  testCases.TC_003_LoginDDT - Finished TC_003_LoginDDT
00:54:28.030 [main] INFO  testCases.TC_003_LoginDDT - ***Starting TC_003_LoginDDT 
00:54:28.107 [main] INFO  testCases.TC_003_LoginDDT - Click on My Account
00:54:28.587 [main] INFO  testCases.TC_003_LoginDDT - Clicked on login
00:54:28.587 [main] INFO  testCases.TC_003_LoginDDT - Sending personal details
00:54:29.575 [main] INFO  testCases.TC_003_LoginDDT - Going to My account page
00:54:30.357 [main] INFO  testCases.TC_003_LoginDDT - Finished TC_003_LoginDDT
09:16:27.869 [main] INFO  testCases.TC_002_LoginTest - *** Starting TC_002_LoginTest***
09:16:28.042 [main] INFO  testCases.TC_002_LoginTest - Clicked on My Account
09:16:29.518 [main] INFO  testCases.TC_002_LoginTest - Clicked on Login Link
09:16:29.523 [main] INFO  testCases.TC_002_LoginTest - Providing login details
09:16:32.186 [main] INFO  testCases.TC_002_LoginTest - Clicked on login button
09:16:32.337 [main] INFO  testCases.TC_002_LoginTest - *** Finished TC_002_LoginTest***
09:26:26.365 [main] INFO  testCases.TC_001_AccountRegistrationTest - *** Starting TC_001_AccountRegistrationTest ***
09:26:26.993 [main] INFO  testCases.TC_001_AccountRegistrationTest - Clicked on my account link
09:26:28.512 [main] INFO  testCases.TC_001_AccountRegistrationTest - Clicked on register link
09:26:28.517 [main] INFO  testCases.TC_001_AccountRegistrationTest - Providing customer data
09:26:32.369 [main] INFO  testCases.TC_001_AccountRegistrationTest - Clicked on continue
09:26:32.429 [main] INFO  testCases.TC_001_AccountRegistrationTest - Validting expected message
09:26:38.835 [main] INFO  testCases.TC_002_LoginTest - *** Starting TC_002_LoginTest***
09:26:39.150 [main] INFO  testCases.TC_002_LoginTest - Clicked on My Account
09:26:39.929 [main] INFO  testCases.TC_002_LoginTest - Clicked on Login Link
09:26:39.933 [main] INFO  testCases.TC_002_LoginTest - Providing login details
09:26:41.191 [main] INFO  testCases.TC_002_LoginTest - Clicked on login button
09:26:41.266 [main] INFO  testCases.TC_002_LoginTest - *** Finished TC_002_LoginTest***
09:28:26.538 [main] INFO  testCases.TC_001_AccountRegistrationTest - *** Starting TC_001_AccountRegistrationTest ***
09:28:27.151 [main] INFO  testCases.TC_001_AccountRegistrationTest - Clicked on my account link
09:28:28.162 [main] INFO  testCases.TC_001_AccountRegistrationTest - Clicked on register link
09:28:28.165 [main] INFO  testCases.TC_001_AccountRegistrationTest - Providing customer data
09:28:31.917 [main] INFO  testCases.TC_001_AccountRegistrationTest - Clicked on continue
09:28:31.980 [main] INFO  testCases.TC_001_AccountRegistrationTest - Validting expected message
09:28:31.984 [main] INFO  testCases.TC_001_AccountRegistrationTest - *** Finished TC_001_AccountRegistrationTest ***
09:30:35.446 [main] INFO  testCases.TC_001_AccountRegistrationTest - *** Starting TC_001_AccountRegistrationTest ***
09:30:35.732 [main] INFO  testCases.TC_001_AccountRegistrationTest - Clicked on my account link
09:30:36.743 [main] INFO  testCases.TC_001_AccountRegistrationTest - Clicked on register link
09:30:36.750 [main] INFO  testCases.TC_001_AccountRegistrationTest - Providing customer data
09:30:40.480 [main] INFO  testCases.TC_001_AccountRegistrationTest - Clicked on continue
09:30:40.593 [main] INFO  testCases.TC_001_AccountRegistrationTest - Validting expected message
09:30:40.599 [main] INFO  testCases.TC_001_AccountRegistrationTest - *** Finished TC_001_AccountRegistrationTest ***
09:30:47.200 [main] INFO  testCases.TC_002_LoginTest - *** Starting TC_002_LoginTest***
09:30:47.677 [main] INFO  testCases.TC_002_LoginTest - Clicked on My Account
09:30:48.450 [main] INFO  testCases.TC_002_LoginTest - Clicked on Login Link
09:30:48.453 [main] INFO  testCases.TC_002_LoginTest - Providing login details
09:30:49.592 [main] INFO  testCases.TC_002_LoginTest - Clicked on login button
09:31:50.224 [main] INFO  testCases.TC_002_LoginTest - *** Starting TC_002_LoginTest***
09:31:50.438 [main] INFO  testCases.TC_002_LoginTest - Clicked on My Account
09:31:51.010 [main] INFO  testCases.TC_002_LoginTest - Clicked on Login Link
09:31:51.012 [main] INFO  testCases.TC_002_LoginTest - Providing login details
09:31:52.032 [main] INFO  testCases.TC_002_LoginTest - Clicked on login button
09:31:52.111 [main] INFO  testCases.TC_002_LoginTest - *** Finished TC_002_LoginTest***
09:34:21.858 [main] INFO  testCases.TC_001_AccountRegistrationTest - *** Starting TC_001_AccountRegistrationTest ***
09:34:22.063 [main] INFO  testCases.TC_001_AccountRegistrationTest - Clicked on my account link
09:34:23.375 [main] INFO  testCases.TC_001_AccountRegistrationTest - Clicked on register link
09:34:23.382 [main] INFO  testCases.TC_001_AccountRegistrationTest - Providing customer data
09:34:27.019 [main] INFO  testCases.TC_001_AccountRegistrationTest - Clicked on continue
09:34:27.080 [main] INFO  testCases.TC_001_AccountRegistrationTest - Validting expected message
09:34:32.565 [main] INFO  testCases.TC_002_LoginTest - *** Starting TC_002_LoginTest***
09:34:33.172 [main] INFO  testCases.TC_002_LoginTest - Clicked on My Account
09:34:33.799 [main] INFO  testCases.TC_002_LoginTest - Clicked on Login Link
09:34:33.802 [main] INFO  testCases.TC_002_LoginTest - Providing login details
09:34:34.886 [main] INFO  testCases.TC_002_LoginTest - Clicked on login button
09:35:51.672 [main] INFO  testCases.TC_002_LoginTest - *** Starting TC_002_LoginTest***
09:35:52.345 [main] INFO  testCases.TC_002_LoginTest - Clicked on My Account
09:35:53.002 [main] INFO  testCases.TC_002_LoginTest - Clicked on Login Link
09:35:53.005 [main] INFO  testCases.TC_002_LoginTest - Providing login details
09:35:54.080 [main] INFO  testCases.TC_002_LoginTest - Clicked on login button
09:35:54.151 [main] INFO  testCases.TC_002_LoginTest - *** Finished TC_002_LoginTest***
09:35:58.654 [main] INFO  testCases.TC_001_AccountRegistrationTest - *** Starting TC_001_AccountRegistrationTest ***
09:35:59.361 [main] INFO  testCases.TC_001_AccountRegistrationTest - Clicked on my account link
09:36:00.636 [main] INFO  testCases.TC_001_AccountRegistrationTest - Clicked on register link
09:36:00.643 [main] INFO  testCases.TC_001_AccountRegistrationTest - Providing customer data
09:36:04.341 [main] INFO  testCases.TC_001_AccountRegistrationTest - Clicked on continue
09:36:04.395 [main] INFO  testCases.TC_001_AccountRegistrationTest - Validting expected message
09:36:04.396 [main] INFO  testCases.TC_001_AccountRegistrationTest - *** Finished TC_001_AccountRegistrationTest ***
09:47:12.998 [main] INFO  testCases.TC_002_LoginTest - *** Starting TC_002_LoginTest***
09:47:13.311 [main] INFO  testCases.TC_002_LoginTest - Clicked on My Account
09:47:13.906 [main] INFO  testCases.TC_002_LoginTest - Clicked on Login Link
09:47:13.910 [main] INFO  testCases.TC_002_LoginTest - Providing login details
09:47:15.195 [main] INFO  testCases.TC_002_LoginTest - Clicked on login button
09:47:15.288 [main] INFO  testCases.TC_002_LoginTest - *** Finished TC_002_LoginTest***
09:47:23.242 [main] INFO  testCases.TC_001_AccountRegistrationTest - *** Starting TC_001_AccountRegistrationTest ***
09:47:23.371 [main] INFO  testCases.TC_001_AccountRegistrationTest - Clicked on my account link
09:47:24.460 [main] INFO  testCases.TC_001_AccountRegistrationTest - Clicked on register link
09:47:24.479 [main] INFO  testCases.TC_001_AccountRegistrationTest - Providing customer data
09:47:28.390 [main] INFO  testCases.TC_001_AccountRegistrationTest - Clicked on continue
09:47:28.468 [main] INFO  testCases.TC_001_AccountRegistrationTest - Validting expected message
09:47:28.469 [main] INFO  testCases.TC_001_AccountRegistrationTest - *** Finished TC_001_AccountRegistrationTest ***
11:18:06.452 [main] INFO  testCases.TC_001_AccountRegistrationTest - *** Starting TC_001_AccountRegistrationTest ***
11:18:06.625 [main] INFO  testCases.TC_001_AccountRegistrationTest - Clicked on my account link
11:18:09.670 [main] INFO  testCases.TC_001_AccountRegistrationTest - Clicked on register link
11:18:09.682 [main] INFO  testCases.TC_001_AccountRegistrationTest - Providing customer data
11:18:13.588 [main] INFO  testCases.TC_001_AccountRegistrationTest - Clicked on continue
11:18:13.644 [main] INFO  testCases.TC_001_AccountRegistrationTest - Validting expected message
11:18:13.648 [main] INFO  testCases.TC_001_AccountRegistrationTest - *** Finished TC_001_AccountRegistrationTest ***
11:18:19.405 [main] INFO  testCases.TC_002_LoginTest - *** Starting TC_002_LoginTest***
11:18:19.850 [main] INFO  testCases.TC_002_LoginTest - Clicked on My Account
11:18:20.591 [main] INFO  testCases.TC_002_LoginTest - Clicked on Login Link
11:18:20.593 [main] INFO  testCases.TC_002_LoginTest - Providing login details
11:18:21.755 [main] INFO  testCases.TC_002_LoginTest - Clicked on login button
11:18:21.825 [main] INFO  testCases.TC_002_LoginTest - *** Finished TC_002_LoginTest***
11:55:01.747 [main] INFO  testCases.TC_001_AccountRegistrationTest - *** Starting TC_001_AccountRegistrationTest ***
11:55:02.276 [main] INFO  testCases.TC_001_AccountRegistrationTest - Clicked on my account link
11:55:03.303 [main] INFO  testCases.TC_001_AccountRegistrationTest - Clicked on register link
11:55:03.354 [main] INFO  testCases.TC_001_AccountRegistrationTest - Providing customer data
11:55:06.962 [main] INFO  testCases.TC_001_AccountRegistrationTest - Clicked on continue
11:55:07.019 [main] INFO  testCases.TC_001_AccountRegistrationTest - Validting expected message
11:55:07.023 [main] INFO  testCases.TC_001_AccountRegistrationTest - *** Finished TC_001_AccountRegistrationTest ***
11:55:12.040 [main] INFO  testCases.TC_002_LoginTest - *** Starting TC_002_LoginTest***
11:55:12.702 [main] INFO  testCases.TC_002_LoginTest - Clicked on My Account
11:55:13.471 [main] INFO  testCases.TC_002_LoginTest - Clicked on Login Link
11:55:13.476 [main] INFO  testCases.TC_002_LoginTest - Providing login details
11:55:14.564 [main] INFO  testCases.TC_002_LoginTest - Clicked on login button
11:55:14.640 [main] INFO  testCases.TC_002_LoginTest - *** Finished TC_002_LoginTest***
12:03:06.733 [main] INFO  testCases.TC_001_AccountRegistrationTest - *** Starting TC_001_AccountRegistrationTest ***
12:03:07.176 [main] INFO  testCases.TC_001_AccountRegistrationTest - Clicked on my account link
12:03:08.140 [main] INFO  testCases.TC_001_AccountRegistrationTest - Clicked on register link
12:03:08.146 [main] INFO  testCases.TC_001_AccountRegistrationTest - Providing customer data
12:03:11.828 [main] INFO  testCases.TC_001_AccountRegistrationTest - Clicked on continue
12:03:11.884 [main] INFO  testCases.TC_001_AccountRegistrationTest - Validting expected message
12:03:11.888 [main] INFO  testCases.TC_001_AccountRegistrationTest - *** Finished TC_001_AccountRegistrationTest ***
12:03:16.660 [main] INFO  testCases.TC_002_LoginTest - *** Starting TC_002_LoginTest***
12:03:17.348 [main] INFO  testCases.TC_002_LoginTest - Clicked on My Account
12:03:18.038 [main] INFO  testCases.TC_002_LoginTest - Clicked on Login Link
12:03:18.043 [main] INFO  testCases.TC_002_LoginTest - Providing login details
12:03:19.273 [main] INFO  testCases.TC_002_LoginTest - Clicked on login button
12:03:19.353 [main] INFO  testCases.TC_002_LoginTest - *** Finished TC_002_LoginTest***
